\BOOKMARK [0][-]{chapter.1}{\376\377\000I\000n\000t\000r\000o\000d\000u\000c\000t\000i\000o\000n\000:\000\040\000T\000h\000e\000\040\000B\000e\000a\000u\000t\000y\000\040\000o\000f\000\040\000M\000a\000t\000h\000\040\000f\000o\000r\000\040\000E\000v\000e\000r\000y\000o\000n\000e}{}% 1
\BOOKMARK [1][-]{section.1.1}{\376\377\000P\000u\000r\000p\000o\000s\000e\000\040\000o\000f\000\040\000t\000h\000e\000\040\000B\000o\000o\000k}{chapter.1}% 2
\BOOKMARK [1][-]{section.1.2}{\376\377\000O\000v\000e\000r\000c\000o\000m\000i\000n\000g\000\040\000F\000e\000a\000r\000\040\000o\000f\000\040\000M\000a\000t\000h}{chapter.1}% 3
\BOOKMARK [1][-]{section.1.3}{\376\377\000T\000h\000e\000\040\000L\000a\000n\000g\000u\000a\000g\000e\000\040\000o\000f\000\040\000M\000a\000t\000h}{chapter.1}% 4
\BOOKMARK [1][-]{section.1.4}{\376\377\000W\000h\000a\000t\000\040\000M\000a\000k\000e\000s\000\040\000T\000h\000i\000s\000\040\000B\000o\000o\000k\000\040\000U\000n\000i\000q\000u\000e}{chapter.1}% 5
\BOOKMARK [0][-]{chapter.2}{\376\377\000W\000h\000y\000\040\000S\000t\000a\000r\000t\000\040\000H\000e\000r\000e\000?\000\040\000A\000d\000d\000i\000t\000i\000o\000n\000\040\000a\000n\000d\000\040\000S\000u\000b\000t\000r\000a\000c\000t\000i\000o\000n}{}% 6
\BOOKMARK [1][-]{section.2.1}{\376\377\000W\000h\000a\000t\000\040\000I\000s\000\040\000A\000d\000d\000i\000t\000i\000o\000n\000?}{chapter.2}% 7
\BOOKMARK [2][-]{subsection.2.1.1}{\376\377\000V\000i\000s\000u\000a\000l\000i\000z\000i\000n\000g\000\040\000A\000d\000d\000i\000t\000i\000o\000n}{section.2.1}% 8
\BOOKMARK [1][-]{section.2.2}{\376\377\000W\000h\000a\000t\000\040\000I\000s\000\040\000S\000u\000b\000t\000r\000a\000c\000t\000i\000o\000n\000?}{chapter.2}% 9
\BOOKMARK [2][-]{subsection.2.2.1}{\376\377\000V\000i\000s\000u\000a\000l\000i\000z\000i\000n\000g\000\040\000S\000u\000b\000t\000r\000a\000c\000t\000i\000o\000n}{section.2.2}% 10
\BOOKMARK [1][-]{section.2.3}{\376\377\000P\000r\000a\000c\000t\000i\000c\000e\000\040\000M\000a\000k\000e\000s\000\040\000P\000e\000r\000f\000e\000c\000t\000:\000\040\000L\000e\000t\040\031\000s\000\040\000T\000r\000y\000\040\000S\000o\000m\000e\000\040\000E\000x\000e\000r\000c\000i\000s\000e\000s\000!}{chapter.2}% 11
\BOOKMARK [1][-]{section.2.4}{\376\377\000M\000a\000k\000i\000n\000g\000\040\000I\000t\000\040\000R\000e\000a\000l\000:\000\040\000A\000d\000d\000i\000t\000i\000o\000n\000\040\000a\000n\000d\000\040\000S\000u\000b\000t\000r\000a\000c\000t\000i\000o\000n\000\040\000i\000n\000\040\000E\000v\000e\000r\000y\000d\000a\000y\000\040\000L\000i\000f\000e}{chapter.2}% 12
\BOOKMARK [1][-]{section.2.5}{\376\377\000T\000h\000e\000\040\000P\000r\000o\000p\000e\000r\000t\000i\000e\000s\000\040\000o\000f\000\040\000A\000d\000d\000i\000t\000i\000o\000n\000\040\000a\000n\000d\000\040\000S\000u\000b\000t\000r\000a\000c\000t\000i\000o\000n}{chapter.2}% 13
\BOOKMARK [2][-]{subsection.2.5.1}{\376\377\000C\000o\000m\000m\000u\000t\000a\000t\000i\000v\000e\000\040\000P\000r\000o\000p\000e\000r\000t\000y\000\040\000o\000f\000\040\000A\000d\000d\000i\000t\000i\000o\000n}{section.2.5}% 14
\BOOKMARK [2][-]{subsection.2.5.2}{\376\377\000A\000s\000s\000o\000c\000i\000a\000t\000i\000v\000e\000\040\000P\000r\000o\000p\000e\000r\000t\000y\000\040\000o\000f\000\040\000A\000d\000d\000i\000t\000i\000o\000n}{section.2.5}% 15
\BOOKMARK [2][-]{subsection.2.5.3}{\376\377\000S\000u\000b\000t\000r\000a\000c\000t\000i\000o\000n\000\040\000i\000s\000\040\000n\000o\000t\000\040\000C\000o\000m\000m\000u\000t\000a\000t\000i\000v\000e}{section.2.5}% 16
\BOOKMARK [1][-]{section.2.6}{\376\377\000B\000r\000e\000a\000k\000i\000n\000g\000\040\000I\000t\000\040\000D\000o\000w\000n\000:\000\040\000H\000o\000w\000\040\000t\000o\000\040\000A\000p\000p\000r\000o\000a\000c\000h\000\040\000W\000o\000r\000d\000\040\000P\000r\000o\000b\000l\000e\000m\000s}{chapter.2}% 17
\BOOKMARK [2][-]{subsection.2.6.1}{\376\377\000P\000r\000o\000b\000l\000e\000m\000:}{section.2.6}% 18
\BOOKMARK [1][-]{section.2.7}{\376\377\000C\000h\000a\000p\000t\000e\000r\000\040\000S\000u\000m\000m\000a\000r\000y}{chapter.2}% 19
\BOOKMARK [1][-]{section.2.8}{\376\377\000C\000h\000a\000l\000l\000e\000n\000g\000e\000\040\000Q\000u\000e\000s\000t\000i\000o\000n}{chapter.2}% 20
\BOOKMARK [0][-]{chapter.3}{\376\377\000M\000u\000l\000t\000i\000p\000l\000i\000c\000a\000t\000i\000o\000n\000\040\000a\000n\000d\000\040\000D\000i\000v\000i\000s\000i\000o\000n}{}% 21
\BOOKMARK [1][-]{section.3.1}{\376\377\000I\000n\000t\000r\000o\000d\000u\000c\000t\000i\000o\000n\000:\000\040\000T\000h\000e\000\040\000P\000o\000w\000e\000r\000\040\000o\000f\000\040\000G\000r\000o\000u\000p\000s\000\040\000a\000n\000d\000\040\000S\000h\000a\000r\000i\000n\000g}{chapter.3}% 22
\BOOKMARK [1][-]{section.3.2}{\376\377\000W\000h\000a\000t\000\040\000I\000s\000\040\000M\000u\000l\000t\000i\000p\000l\000i\000c\000a\000t\000i\000o\000n\000?}{chapter.3}% 23
\BOOKMARK [2][-]{subsection.3.2.1}{\376\377\000V\000i\000s\000u\000a\000l\000i\000z\000i\000n\000g\000\040\000M\000u\000l\000t\000i\000p\000l\000i\000c\000a\000t\000i\000o\000n}{section.3.2}% 24
\BOOKMARK [1][-]{section.3.3}{\376\377\000W\000h\000a\000t\000\040\000I\000s\000\040\000D\000i\000v\000i\000s\000i\000o\000n\000?}{chapter.3}% 25
\BOOKMARK [2][-]{subsection.3.3.1}{\376\377\000V\000i\000s\000u\000a\000l\000i\000z\000i\000n\000g\000\040\000D\000i\000v\000i\000s\000i\000o\000n}{section.3.3}% 26
\BOOKMARK [1][-]{section.3.4}{\376\377\000T\000h\000e\000\040\000R\000e\000l\000a\000t\000i\000o\000n\000s\000h\000i\000p\000\040\000B\000e\000t\000w\000e\000e\000n\000\040\000M\000u\000l\000t\000i\000p\000l\000i\000c\000a\000t\000i\000o\000n\000\040\000a\000n\000d\000\040\000D\000i\000v\000i\000s\000i\000o\000n}{chapter.3}% 27
\BOOKMARK [1][-]{section.3.5}{\376\377\000P\000r\000a\000c\000t\000i\000c\000e\000\040\000M\000a\000k\000e\000s\000\040\000P\000e\000r\000f\000e\000c\000t\000:\000\040\000L\000e\000t\040\031\000s\000\040\000T\000r\000y\000\040\000S\000o\000m\000e\000\040\000E\000x\000e\000r\000c\000i\000s\000e\000s\000!}{chapter.3}% 28
\BOOKMARK [1][-]{section.3.6}{\376\377\000E\000v\000e\000r\000y\000d\000a\000y\000\040\000E\000x\000a\000m\000p\000l\000e\000s\000\040\000o\000f\000\040\000M\000u\000l\000t\000i\000p\000l\000i\000c\000a\000t\000i\000o\000n\000\040\000a\000n\000d\000\040\000D\000i\000v\000i\000s\000i\000o\000n}{chapter.3}% 29
\BOOKMARK [1][-]{section.3.7}{\376\377\000T\000h\000e\000\040\000P\000r\000o\000p\000e\000r\000t\000i\000e\000s\000\040\000o\000f\000\040\000M\000u\000l\000t\000i\000p\000l\000i\000c\000a\000t\000i\000o\000n}{chapter.3}% 30
\BOOKMARK [2][-]{subsection.3.7.1}{\376\377\000C\000o\000m\000m\000u\000t\000a\000t\000i\000v\000e\000\040\000P\000r\000o\000p\000e\000r\000t\000y\000\040\000o\000f\000\040\000M\000u\000l\000t\000i\000p\000l\000i\000c\000a\000t\000i\000o\000n\000:}{section.3.7}% 31
\BOOKMARK [2][-]{subsection.3.7.2}{\376\377\000A\000s\000s\000o\000c\000i\000a\000t\000i\000v\000e\000\040\000P\000r\000o\000p\000e\000r\000t\000y\000\040\000o\000f\000\040\000M\000u\000l\000t\000i\000p\000l\000i\000c\000a\000t\000i\000o\000n\000:}{section.3.7}% 32
\BOOKMARK [2][-]{subsection.3.7.3}{\376\377\000D\000i\000s\000t\000r\000i\000b\000u\000t\000i\000v\000e\000\040\000P\000r\000o\000p\000e\000r\000t\000y\000:}{section.3.7}% 33
\BOOKMARK [1][-]{section.3.8}{\376\377\000B\000r\000e\000a\000k\000i\000n\000g\000\040\000I\000t\000\040\000D\000o\000w\000n\000:\000\040\000S\000o\000l\000v\000i\000n\000g\000\040\000W\000o\000r\000d\000\040\000P\000r\000o\000b\000l\000e\000m\000s\000\040\000w\000i\000t\000h\000\040\000M\000u\000l\000t\000i\000p\000l\000i\000c\000a\000t\000i\000o\000n\000\040\000a\000n\000d\000\040\000D\000i\000v\000i\000s\000i\000o\000n}{chapter.3}% 34
\BOOKMARK [1][-]{section.3.9}{\376\377\000E\000x\000a\000m\000p\000l\000e\000\040\0001\000:\000\040\000M\000u\000l\000t\000i\000p\000l\000i\000c\000a\000t\000i\000o\000n}{chapter.3}% 35
\BOOKMARK [1][-]{section.3.10}{\376\377\000E\000x\000a\000m\000p\000l\000e\000\040\0002\000:\000\040\000D\000i\000v\000i\000s\000i\000o\000n}{chapter.3}% 36
\BOOKMARK [1][-]{section.3.11}{\376\377\000C\000h\000a\000p\000t\000e\000r\000\040\000S\000u\000m\000m\000a\000r\000y}{chapter.3}% 37
\BOOKMARK [1][-]{section.3.12}{\376\377\000C\000h\000a\000l\000l\000e\000n\000g\000e\000\040\000Q\000u\000e\000s\000t\000i\000o\000n\000:}{chapter.3}% 38
\BOOKMARK [0][-]{chapter.4}{\376\377\000F\000r\000a\000c\000t\000i\000o\000n\000s\000,\000\040\000D\000e\000c\000i\000m\000a\000l\000s\000,\000\040\000a\000n\000d\000\040\000P\000e\000r\000c\000e\000n\000t\000a\000g\000e\000s\000\040\000-\000\040\000P\000a\000r\000t\000s\000\040\000o\000f\000\040\000a\000\040\000W\000h\000o\000l\000e}{}% 39
\BOOKMARK [1][-]{section.4.1}{\376\377\000I\000n\000t\000r\000o\000d\000u\000c\000t\000i\000o\000n\000:\000\040\000W\000h\000y\000\040\000L\000e\000a\000r\000n\000\040\000A\000b\000o\000u\000t\000\040\000F\000r\000a\000c\000t\000i\000o\000n\000s\000,\000\040\000D\000e\000c\000i\000m\000a\000l\000s\000,\000\040\000a\000n\000d\000\040\000P\000e\000r\000c\000e\000n\000t\000a\000g\000e\000s\000?}{chapter.4}% 40
\BOOKMARK [1][-]{section.4.2}{\376\377\000W\000h\000a\000t\000\040\000I\000s\000\040\000a\000\040\000F\000r\000a\000c\000t\000i\000o\000n\000?}{chapter.4}% 41
\BOOKMARK [2][-]{subsection.4.2.1}{\376\377\000V\000i\000s\000u\000a\000l\000i\000z\000i\000n\000g\000\040\000F\000r\000a\000c\000t\000i\000o\000n\000s}{section.4.2}% 42
\BOOKMARK [2][-]{subsection.4.2.2}{\376\377\000K\000e\000y\000\040\000V\000o\000c\000a\000b\000u\000l\000a\000r\000y}{section.4.2}% 43
\BOOKMARK [1][-]{section.4.3}{\376\377\000W\000h\000a\000t\000\040\000I\000s\000\040\000a\000\040\000D\000e\000c\000i\000m\000a\000l\000?}{chapter.4}% 44
\BOOKMARK [2][-]{subsection.4.3.1}{\376\377\000U\000n\000d\000e\000r\000s\000t\000a\000n\000d\000i\000n\000g\000\040\000P\000l\000a\000c\000e\000\040\000V\000a\000l\000u\000e\000\040\000i\000n\000\040\000D\000e\000c\000i\000m\000a\000l\000s}{section.4.3}% 45
\BOOKMARK [2][-]{subsection.4.3.2}{\376\377\000C\000o\000n\000v\000e\000r\000t\000i\000n\000g\000\040\000F\000r\000a\000c\000t\000i\000o\000n\000s\000\040\000t\000o\000\040\000D\000e\000c\000i\000m\000a\000l\000s}{section.4.3}% 46
\BOOKMARK [1][-]{section.4.4}{\376\377\000W\000h\000a\000t\000\040\000I\000s\000\040\000a\000\040\000P\000e\000r\000c\000e\000n\000t\000a\000g\000e\000?}{chapter.4}% 47
\BOOKMARK [2][-]{subsection.4.4.1}{\376\377\000U\000n\000d\000e\000r\000s\000t\000a\000n\000d\000i\000n\000g\000\040\000P\000e\000r\000c\000e\000n\000t\000a\000g\000e\000s}{section.4.4}% 48
\BOOKMARK [2][-]{subsection.4.4.2}{\376\377\000C\000o\000n\000v\000e\000r\000t\000i\000n\000g\000\040\000P\000e\000r\000c\000e\000n\000t\000a\000g\000e\000s\000\040\000t\000o\000\040\000F\000r\000a\000c\000t\000i\000o\000n\000s\000\040\000a\000n\000d\000\040\000D\000e\000c\000i\000m\000a\000l\000s}{section.4.4}% 49
\BOOKMARK [1][-]{section.4.5}{\376\377\000H\000o\000w\000\040\000t\000o\000\040\000W\000o\000r\000k\000\040\000w\000i\000t\000h\000\040\000F\000r\000a\000c\000t\000i\000o\000n\000s}{chapter.4}% 50
\BOOKMARK [2][-]{subsection.4.5.1}{\376\377\000A\000d\000d\000i\000n\000g\000\040\000a\000n\000d\000\040\000S\000u\000b\000t\000r\000a\000c\000t\000i\000n\000g\000\040\000F\000r\000a\000c\000t\000i\000o\000n\000s}{section.4.5}% 51
\BOOKMARK [2][-]{subsection.4.5.2}{\376\377\000M\000u\000l\000t\000i\000p\000l\000y\000i\000n\000g\000\040\000a\000n\000d\000\040\000D\000i\000v\000i\000d\000i\000n\000g\000\040\000F\000r\000a\000c\000t\000i\000o\000n\000s}{section.4.5}% 52
\BOOKMARK [1][-]{section.4.6}{\376\377\000H\000o\000w\000\040\000t\000o\000\040\000W\000o\000r\000k\000\040\000w\000i\000t\000h\000\040\000D\000e\000c\000i\000m\000a\000l\000s}{chapter.4}% 53
\BOOKMARK [2][-]{subsection.4.6.1}{\376\377\000A\000d\000d\000i\000n\000g\000\040\000a\000n\000d\000\040\000S\000u\000b\000t\000r\000a\000c\000t\000i\000n\000g\000\040\000D\000e\000c\000i\000m\000a\000l\000s}{section.4.6}% 54
\BOOKMARK [2][-]{subsection.4.6.2}{\376\377\000M\000u\000l\000t\000i\000p\000l\000y\000i\000n\000g\000\040\000D\000e\000c\000i\000m\000a\000l\000s}{section.4.6}% 55
\BOOKMARK [2][-]{subsection.4.6.3}{\376\377\000D\000i\000v\000i\000d\000i\000n\000g\000\040\000D\000e\000c\000i\000m\000a\000l\000s}{section.4.6}% 56
\BOOKMARK [1][-]{section.4.7}{\376\377\000H\000o\000w\000\040\000t\000o\000\040\000W\000o\000r\000k\000\040\000w\000i\000t\000h\000\040\000P\000e\000r\000c\000e\000n\000t\000a\000g\000e\000s}{chapter.4}% 57
\BOOKMARK [2][-]{subsection.4.7.1}{\376\377\000F\000i\000n\000d\000i\000n\000g\000\040\000a\000\040\000P\000e\000r\000c\000e\000n\000t\000a\000g\000e\000\040\000o\000f\000\040\000a\000\040\000N\000u\000m\000b\000e\000r}{section.4.7}% 58
\BOOKMARK [2][-]{subsection.4.7.2}{\376\377\000C\000o\000n\000v\000e\000r\000t\000i\000n\000g\000\040\000a\000\040\000N\000u\000m\000b\000e\000r\000\040\000t\000o\000\040\000a\000\040\000P\000e\000r\000c\000e\000n\000t\000a\000g\000e}{section.4.7}% 59
\BOOKMARK [1][-]{section.4.8}{\376\377\000P\000r\000a\000c\000t\000i\000c\000e\000\040\000M\000a\000k\000e\000s\000\040\000P\000e\000r\000f\000e\000c\000t\000:\000\040\000L\000e\000t\040\031\000s\000\040\000T\000r\000y\000\040\000S\000o\000m\000e\000\040\000E\000x\000e\000r\000c\000i\000s\000e\000s\000!}{chapter.4}% 60
\BOOKMARK [1][-]{section.4.9}{\376\377\000R\000e\000a\000l\000-\000L\000i\000f\000e\000\040\000A\000p\000p\000l\000i\000c\000a\000t\000i\000o\000n\000s\000\040\000o\000f\000\040\000F\000r\000a\000c\000t\000i\000o\000n\000s\000,\000\040\000D\000e\000c\000i\000m\000a\000l\000s\000,\000\040\000a\000n\000d\000\040\000P\000e\000r\000c\000e\000n\000t\000a\000g\000e\000s}{chapter.4}% 61
\BOOKMARK [2][-]{subsection.4.9.1}{\376\377\000C\000o\000o\000k\000i\000n\000g}{section.4.9}% 62
\BOOKMARK [2][-]{subsection.4.9.2}{\376\377\000S\000h\000o\000p\000p\000i\000n\000g}{section.4.9}% 63
\BOOKMARK [2][-]{subsection.4.9.3}{\376\377\000M\000o\000n\000e\000y}{section.4.9}% 64
\BOOKMARK [1][-]{section.4.10}{\376\377\000C\000o\000n\000v\000e\000r\000t\000i\000n\000g\000\040\000B\000e\000t\000w\000e\000e\000n\000\040\000F\000r\000a\000c\000t\000i\000o\000n\000s\000,\000\040\000D\000e\000c\000i\000m\000a\000l\000s\000,\000\040\000a\000n\000d\000\040\000P\000e\000r\000c\000e\000n\000t\000a\000g\000e\000s}{chapter.4}% 65
\BOOKMARK [2][-]{subsection.4.10.1}{\376\377\000C\000o\000n\000v\000e\000r\000t\000i\000n\000g\000\040\000F\000r\000a\000c\000t\000i\000o\000n\000s\000\040\000t\000o\000\040\000D\000e\000c\000i\000m\000a\000l\000s}{section.4.10}% 66
\BOOKMARK [2][-]{subsection.4.10.2}{\376\377\000C\000o\000n\000v\000e\000r\000t\000i\000n\000g\000\040\000D\000e\000c\000i\000m\000a\000l\000s\000\040\000t\000o\000\040\000F\000r\000a\000c\000t\000i\000o\000n\000s}{section.4.10}% 67
\BOOKMARK [2][-]{subsection.4.10.3}{\376\377\000C\000o\000n\000v\000e\000r\000t\000i\000n\000g\000\040\000F\000r\000a\000c\000t\000i\000o\000n\000s\000\040\000t\000o\000\040\000P\000e\000r\000c\000e\000n\000t\000a\000g\000e\000s}{section.4.10}% 68
\BOOKMARK [2][-]{subsection.4.10.4}{\376\377\000C\000o\000n\000v\000e\000r\000t\000i\000n\000g\000\040\000P\000e\000r\000c\000e\000n\000t\000a\000g\000e\000s\000\040\000t\000o\000\040\000F\000r\000a\000c\000t\000i\000o\000n\000s}{section.4.10}% 69
\BOOKMARK [2][-]{subsection.4.10.5}{\376\377\000C\000o\000n\000v\000e\000r\000t\000i\000n\000g\000\040\000D\000e\000c\000i\000m\000a\000l\000s\000\040\000t\000o\000\040\000P\000e\000r\000c\000e\000n\000t\000a\000g\000e\000s}{section.4.10}% 70
\BOOKMARK [2][-]{subsection.4.10.6}{\376\377\000C\000o\000n\000v\000e\000r\000t\000i\000n\000g\000\040\000P\000e\000r\000c\000e\000n\000t\000a\000g\000e\000s\000\040\000t\000o\000\040\000D\000e\000c\000i\000m\000a\000l\000s}{section.4.10}% 71
\BOOKMARK [1][-]{section.4.11}{\376\377\000C\000h\000a\000p\000t\000e\000r\000\040\000S\000u\000m\000m\000a\000r\000y}{chapter.4}% 72
\BOOKMARK [2][-]{subsection.4.11.1}{\376\377\000C\000h\000a\000l\000l\000e\000n\000g\000e\000\040\000Q\000u\000e\000s\000t\000i\000o\000n\000:}{section.4.11}% 73
\BOOKMARK [0][-]{chapter.5}{\376\377\000P\000a\000t\000t\000e\000r\000n\000s\000\040\000a\000n\000d\000\040\000R\000e\000l\000a\000t\000i\000o\000n\000s\000h\000i\000p\000s\000\040\040\023\000\040\000I\000n\000t\000r\000o\000d\000u\000c\000t\000i\000o\000n\000\040\000t\000o\000\040\000A\000l\000g\000e\000b\000r\000a}{}% 74
\BOOKMARK [1][-]{section.5.1}{\376\377\000I\000n\000t\000r\000o\000d\000u\000c\000t\000i\000o\000n\000:\000\040\000T\000h\000e\000\040\000P\000o\000w\000e\000r\000\040\000o\000f\000\040\000V\000a\000r\000i\000a\000b\000l\000e\000s\000\040\000a\000n\000d\000\040\000E\000q\000u\000a\000t\000i\000o\000n\000s}{chapter.5}% 75
\BOOKMARK [1][-]{section.5.2}{\376\377\000W\000h\000a\000t\000\040\000I\000s\000\040\000a\000\040\000V\000a\000r\000i\000a\000b\000l\000e\000?}{chapter.5}% 76
\BOOKMARK [1][-]{section.5.3}{\376\377\000W\000h\000a\000t\000\040\000I\000s\000\040\000a\000n\000\040\000E\000q\000u\000a\000t\000i\000o\000n\000?}{chapter.5}% 77
\BOOKMARK [1][-]{section.5.4}{\376\377\000S\000o\000l\000v\000i\000n\000g\000\040\000S\000i\000m\000p\000l\000e\000\040\000E\000q\000u\000a\000t\000i\000o\000n\000s}{chapter.5}% 78
\BOOKMARK [1][-]{section.5.5}{\376\377\000U\000n\000d\000e\000r\000s\000t\000a\000n\000d\000i\000n\000g\000\040\000P\000a\000t\000t\000e\000r\000n\000s\000\040\000a\000n\000d\000\040\000R\000e\000l\000a\000t\000i\000o\000n\000s\000h\000i\000p\000s}{chapter.5}% 79
\BOOKMARK [1][-]{section.5.6}{\376\377\000W\000o\000r\000k\000i\000n\000g\000\040\000w\000i\000t\000h\000\040\000W\000o\000r\000d\000\040\000P\000r\000o\000b\000l\000e\000m\000s\000\040\000i\000n\000\040\000A\000l\000g\000e\000b\000r\000a}{chapter.5}% 80
\BOOKMARK [1][-]{section.5.7}{\376\377\000T\000h\000e\000\040\000D\000i\000s\000t\000r\000i\000b\000u\000t\000i\000v\000e\000\040\000P\000r\000o\000p\000e\000r\000t\000y\000\040\000i\000n\000\040\000A\000l\000g\000e\000b\000r\000a}{chapter.5}% 81
\BOOKMARK [1][-]{section.5.8}{\376\377\000C\000o\000m\000b\000i\000n\000i\000n\000g\000\040\000L\000i\000k\000e\000\040\000T\000e\000r\000m\000s}{chapter.5}% 82
\BOOKMARK [1][-]{section.5.9}{\376\377\000P\000r\000a\000c\000t\000i\000c\000e\000\040\000M\000a\000k\000e\000s\000\040\000P\000e\000r\000f\000e\000c\000t\000:\000\040\000L\000e\000t\040\031\000s\000\040\000T\000r\000y\000\040\000S\000o\000m\000e\000\040\000E\000x\000e\000r\000c\000i\000s\000e\000s\000!}{chapter.5}% 83
\BOOKMARK [1][-]{section.5.10}{\376\377\000R\000e\000a\000l\000-\000L\000i\000f\000e\000\040\000A\000p\000p\000l\000i\000c\000a\000t\000i\000o\000n\000s\000\040\000o\000f\000\040\000A\000l\000g\000e\000b\000r\000a}{chapter.5}% 84
\BOOKMARK [1][-]{section.5.11}{\376\377\000C\000h\000a\000p\000t\000e\000r\000\040\000S\000u\000m\000m\000a\000r\000y}{chapter.5}% 85
\BOOKMARK [1][-]{section.5.12}{\376\377\000C\000h\000a\000l\000l\000e\000n\000g\000e\000\040\000Q\000u\000e\000s\000t\000i\000o\000n\000s\000:}{chapter.5}% 86
\BOOKMARK [0][-]{chapter.6}{\376\377\000T\000h\000e\000\040\000P\000o\000w\000e\000r\000\040\000o\000f\000\040\000G\000e\000o\000m\000e\000t\000r\000y\000\040\040\023\000\040\000S\000h\000a\000p\000e\000s\000,\000\040\000S\000p\000a\000c\000e\000s\000,\000\040\000a\000n\000d\000\040\000M\000e\000a\000s\000u\000r\000e\000m\000e\000n\000t}{}% 87
\BOOKMARK [1][-]{section.6.1}{\376\377\000I\000n\000t\000r\000o\000d\000u\000c\000t\000i\000o\000n\000:\000\040\000W\000h\000y\000\040\000G\000e\000o\000m\000e\000t\000r\000y\000\040\000M\000a\000t\000t\000e\000r\000s}{chapter.6}% 88
\BOOKMARK [1][-]{section.6.2}{\376\377\000B\000a\000s\000i\000c\000\040\000G\000e\000o\000m\000e\000t\000r\000i\000c\000\040\000S\000h\000a\000p\000e\000s\000\040\000a\000n\000d\000\040\000T\000h\000e\000i\000r\000\040\000P\000r\000o\000p\000e\000r\000t\000i\000e\000s}{chapter.6}% 89
\BOOKMARK [2][-]{subsection.6.2.1}{\376\377\000N\000o\000t\000a\000t\000i\000o\000n\000:}{section.6.2}% 90
\BOOKMARK [2][-]{subsection.6.2.2}{\376\377\000P\000o\000i\000n\000t}{section.6.2}% 91
\BOOKMARK [2][-]{subsection.6.2.3}{\376\377\000L\000i\000n\000e\000s}{section.6.2}% 92
\BOOKMARK [2][-]{subsection.6.2.4}{\376\377\000A\000n\000g\000l\000e}{section.6.2}% 93
\BOOKMARK [2][-]{subsection.6.2.5}{\376\377\000R\000i\000g\000h\000t\000\040\000A\000n\000g\000l\000e}{section.6.2}% 94
\BOOKMARK [2][-]{subsection.6.2.6}{\376\377\0002\000D\000\040\000S\000h\000a\000p\000e\000s}{section.6.2}% 95
\BOOKMARK [2][-]{subsection.6.2.7}{\376\377\0003\000D\000\040\000S\000h\000a\000p\000e\000s}{section.6.2}% 96
\BOOKMARK [1][-]{section.6.3}{\376\377\000U\000n\000d\000e\000r\000s\000t\000a\000n\000d\000i\000n\000g\000\040\000P\000e\000r\000i\000m\000e\000t\000e\000r\000\040\000a\000n\000d\000\040\000A\000r\000e\000a}{chapter.6}% 97
\BOOKMARK [2][-]{subsection.6.3.1}{\376\377\000E\000x\000a\000m\000p\000l\000e}{section.6.3}% 98
\BOOKMARK [2][-]{subsection.6.3.2}{\376\377\000F\000o\000r\000m\000u\000l\000a\000s\000\040\000f\000o\000r\000\040\000C\000o\000m\000m\000o\000n\000\040\000S\000h\000a\000p\000e\000s}{section.6.3}% 99
\BOOKMARK [1][-]{section.6.4}{\376\377\000V\000o\000l\000u\000m\000e\000:\000\040\000M\000e\000a\000s\000u\000r\000i\000n\000g\000\040\0003\000D\000\040\000S\000h\000a\000p\000e\000s}{chapter.6}% 100
\BOOKMARK [2][-]{subsection.6.4.1}{\376\377\000F\000o\000r\000m\000u\000l\000a\000s\000\040\000f\000o\000r\000\040\000C\000o\000m\000m\000o\000n\000\040\0003\000D\000\040\000S\000h\000a\000p\000e\000s}{section.6.4}% 101
\BOOKMARK [1][-]{section.6.5}{\376\377\000R\000e\000a\000l\000-\000L\000i\000f\000e\000\040\000G\000e\000o\000m\000e\000t\000r\000y\000:\000\040\000A\000p\000p\000l\000y\000i\000n\000g\000\040\000W\000h\000a\000t\000\040\000W\000e\040\031\000v\000e\000\040\000L\000e\000a\000r\000n\000e\000d}{chapter.6}% 102
\BOOKMARK [1][-]{section.6.6}{\376\377\000P\000r\000a\000c\000t\000i\000c\000e\000\040\000M\000a\000k\000e\000s\000\040\000P\000e\000r\000f\000e\000c\000t\000:\000\040\000L\000e\000t\040\031\000s\000\040\000T\000r\000y\000\040\000S\000o\000m\000e\000\040\000E\000x\000e\000r\000c\000i\000s\000e\000s\000!}{chapter.6}% 103
\BOOKMARK [2][-]{subsection.6.6.1}{\376\377\000P\000e\000r\000i\000m\000e\000t\000e\000r\000\040\000a\000n\000d\000\040\000A\000r\000e\000a}{section.6.6}% 104
\BOOKMARK [2][-]{subsection.6.6.2}{\376\377\000V\000o\000l\000u\000m\000e}{section.6.6}% 105
\BOOKMARK [2][-]{subsection.6.6.3}{\376\377\000A\000n\000g\000l\000e\000s}{section.6.6}% 106
\BOOKMARK [1][-]{section.6.7}{\376\377\000C\000h\000a\000p\000t\000e\000r\000\040\000S\000u\000m\000m\000a\000r\000y}{chapter.6}% 107
\BOOKMARK [2][-]{subsection.6.7.1}{\376\377\000C\000h\000a\000l\000l\000e\000n\000g\000e\000\040\000Q\000u\000e\000s\000t\000i\000o\000n}{section.6.7}% 108
\BOOKMARK [0][-]{chapter.7}{\376\377\000D\000a\000t\000a\000\040\000a\000n\000d\000\040\000P\000r\000o\000b\000a\000b\000i\000l\000i\000t\000y\000\040\040\023\000\040\000U\000n\000d\000e\000r\000s\000t\000a\000n\000d\000i\000n\000g\000\040\000U\000n\000c\000e\000r\000t\000a\000i\000n\000t\000y\000\040\000a\000n\000d\000\040\000M\000a\000k\000i\000n\000g\000\040\000P\000r\000e\000d\000i\000c\000t\000i\000o\000n\000s}{}% 109
\BOOKMARK [1][-]{section.7.1}{\376\377\000I\000n\000t\000r\000o\000d\000u\000c\000t\000i\000o\000n\000:\000\040\000W\000h\000y\000\040\000D\000a\000t\000a\000\040\000a\000n\000d\000\040\000P\000r\000o\000b\000a\000b\000i\000l\000i\000t\000y\000\040\000M\000a\000t\000t\000e\000r}{chapter.7}% 110
\BOOKMARK [1][-]{section.7.2}{\376\377\000W\000h\000a\000t\000\040\000I\000s\000\040\000D\000a\000t\000a\000?}{chapter.7}% 111
\BOOKMARK [2][-]{subsection.7.2.1}{\376\377\000O\000r\000g\000a\000n\000i\000z\000i\000n\000g\000\040\000D\000a\000t\000a}{section.7.2}% 112
\BOOKMARK [1][-]{section.7.3}{\376\377\000U\000s\000i\000n\000g\000\040\000G\000r\000a\000p\000h\000s\000\040\000t\000o\000\040\000R\000e\000p\000r\000e\000s\000e\000n\000t\000\040\000D\000a\000t\000a}{chapter.7}% 113
\BOOKMARK [2][-]{subsection.7.3.1}{\376\377\000B\000a\000r\000\040\000G\000r\000a\000p\000h}{section.7.3}% 114
\BOOKMARK [2][-]{subsection.7.3.2}{\376\377\000L\000i\000n\000e\000\040\000G\000r\000a\000p\000h}{section.7.3}% 115
\BOOKMARK [2][-]{subsection.7.3.3}{\376\377\000P\000i\000e\000\040\000C\000h\000a\000r\000t}{section.7.3}% 116
\BOOKMARK [1][-]{section.7.4}{\376\377\000W\000h\000a\000t\000\040\000I\000s\000\040\000P\000r\000o\000b\000a\000b\000i\000l\000i\000t\000y\000?}{chapter.7}% 117
\BOOKMARK [1][-]{section.7.5}{\376\377\000C\000a\000l\000c\000u\000l\000a\000t\000i\000n\000g\000\040\000P\000r\000o\000b\000a\000b\000i\000l\000i\000t\000y}{chapter.7}% 118
\BOOKMARK [1][-]{section.7.6}{\376\377\000C\000o\000m\000p\000l\000e\000m\000e\000n\000t\000a\000r\000y\000\040\000a\000n\000d\000\040\000I\000n\000d\000e\000p\000e\000n\000d\000e\000n\000t\000\040\000E\000v\000e\000n\000t\000s}{chapter.7}% 119
\BOOKMARK [2][-]{subsection.7.6.1}{\376\377\000C\000o\000m\000p\000l\000e\000m\000e\000n\000t\000a\000r\000y\000\040\000E\000v\000e\000n\000t\000s}{section.7.6}% 120
\BOOKMARK [2][-]{subsection.7.6.2}{\376\377\000I\000n\000d\000e\000p\000e\000n\000d\000e\000n\000t\000\040\000E\000v\000e\000n\000t\000s}{section.7.6}% 121
\BOOKMARK [1][-]{section.7.7}{\376\377\000M\000a\000k\000i\000n\000g\000\040\000P\000r\000e\000d\000i\000c\000t\000i\000o\000n\000s\000\040\000w\000i\000t\000h\000\040\000P\000r\000o\000b\000a\000b\000i\000l\000i\000t\000y}{chapter.7}% 122
\BOOKMARK [1][-]{section.7.8}{\376\377\000U\000n\000d\000e\000r\000s\000t\000a\000n\000d\000i\000n\000g\000\040\000A\000v\000e\000r\000a\000g\000e\000s\000\040\000\050\000M\000e\000a\000n\000,\000\040\000M\000e\000d\000i\000a\000n\000,\000\040\000a\000n\000d\000\040\000M\000o\000d\000e\000\051}{chapter.7}% 123
\BOOKMARK [2][-]{subsection.7.8.1}{\376\377\000M\000e\000a\000n\000\040\000\050\000A\000v\000e\000r\000a\000g\000e\000\051}{section.7.8}% 124
\BOOKMARK [2][-]{subsection.7.8.2}{\376\377\000M\000e\000d\000i\000a\000n}{section.7.8}% 125
\BOOKMARK [2][-]{subsection.7.8.3}{\376\377\000M\000o\000d\000e}{section.7.8}% 126
\BOOKMARK [1][-]{section.7.9}{\376\377\000P\000r\000a\000c\000t\000i\000c\000e\000\040\000M\000a\000k\000e\000s\000\040\000P\000e\000r\000f\000e\000c\000t\000:\000\040\000L\000e\000t\040\031\000s\000\040\000T\000r\000y\000\040\000S\000o\000m\000e\000\040\000E\000x\000e\000r\000c\000i\000s\000e\000s\000!}{chapter.7}% 127
\BOOKMARK [2][-]{subsection.7.9.1}{\376\377\000P\000r\000o\000b\000a\000b\000i\000l\000i\000t\000y}{section.7.9}% 128
\BOOKMARK [2][-]{subsection.7.9.2}{\376\377\000D\000a\000t\000a\000\040\000I\000n\000t\000e\000r\000p\000r\000e\000t\000a\000t\000i\000o\000n}{section.7.9}% 129
\BOOKMARK [1][-]{section.7.10}{\376\377\000R\000e\000a\000l\000-\000L\000i\000f\000e\000\040\000A\000p\000p\000l\000i\000c\000a\000t\000i\000o\000n\000s\000\040\000o\000f\000\040\000D\000a\000t\000a\000\040\000a\000n\000d\000\040\000P\000r\000o\000b\000a\000b\000i\000l\000i\000t\000y}{chapter.7}% 130
\BOOKMARK [1][-]{section.7.11}{\376\377\000C\000h\000a\000p\000t\000e\000r\000\040\000S\000u\000m\000m\000a\000r\000y}{chapter.7}% 131
\BOOKMARK [2][-]{subsection.7.11.1}{\376\377\000C\000h\000a\000l\000l\000e\000n\000g\000e\000\040\000Q\000u\000e\000s\000t\000i\000o\000n\000s\000\040\000w\000i\000t\000h\000\040\000V\000i\000s\000u\000a\000l\000s}{section.7.11}% 132
\BOOKMARK [0][-]{chapter.8}{\376\377\000A\000d\000v\000a\000n\000c\000e\000d\000\040\000A\000l\000g\000e\000b\000r\000a\000\040\040\023\000\040\000F\000u\000n\000c\000t\000i\000o\000n\000s\000,\000\040\000G\000r\000a\000p\000h\000s\000,\000\040\000a\000n\000d\000\040\000E\000q\000u\000a\000t\000i\000o\000n\000s}{}% 133
\BOOKMARK [1][-]{section.8.1}{\376\377\000I\000n\000t\000r\000o\000d\000u\000c\000t\000i\000o\000n\000:\000\040\000T\000h\000e\000\040\000P\000o\000w\000e\000r\000\040\000o\000f\000\040\000A\000l\000g\000e\000b\000r\000a\000\040\000i\000n\000\040\000S\000o\000l\000v\000i\000n\000g\000\040\000R\000e\000a\000l\000-\000W\000o\000r\000l\000d\000\040\000P\000r\000o\000b\000l\000e\000m\000s}{chapter.8}% 134
\BOOKMARK [1][-]{section.8.2}{\376\377\000W\000h\000a\000t\000\040\000I\000s\000\040\000a\000\040\000F\000u\000n\000c\000t\000i\000o\000n\000?}{chapter.8}% 135
\BOOKMARK [1][-]{section.8.3}{\376\377\000L\000i\000n\000e\000\040\000G\000r\000a\000p\000h\000s}{chapter.8}% 136
\BOOKMARK [2][-]{subsection.8.3.1}{\376\377\000G\000r\000a\000p\000h\000i\000n\000g\000\040\000L\000i\000n\000e\000a\000r\000\040\000F\000u\000n\000c\000t\000i\000o\000n\000s}{section.8.3}% 137
\BOOKMARK [1][-]{section.8.4}{\376\377\000L\000i\000n\000e\000a\000r\000\040\000F\000u\000n\000c\000t\000i\000o\000n\000s}{chapter.8}% 138
\BOOKMARK [1][-]{section.8.5}{\376\377\000S\000o\000l\000v\000i\000n\000g\000\040\000L\000i\000n\000e\000a\000r\000\040\000E\000q\000u\000a\000t\000i\000o\000n\000s}{chapter.8}% 139
\BOOKMARK [1][-]{section.8.6}{\376\377\000Q\000u\000a\000d\000r\000a\000t\000i\000c\000\040\000F\000u\000n\000c\000t\000i\000o\000n\000s}{chapter.8}% 140
\BOOKMARK [2][-]{subsection.8.6.1}{\376\377\000G\000r\000a\000p\000h\000i\000n\000g\000\040\000a\000\040\000Q\000u\000a\000d\000r\000a\000t\000i\000c\000\040\000F\000u\000n\000c\000t\000i\000o\000n}{section.8.6}% 141
\BOOKMARK [2][-]{subsection.8.6.2}{\376\377\000E\000x\000a\000m\000p\000l\000e\000:\000\040\000G\000r\000a\000p\000h\000i\000n\000g\000\040\000t\000h\000e\000\040\000Q\000u\000a\000d\000r\000a\000t\000i\000c\000\040\000F\000u\000n\000c\000t\000i\000o\000n\000\040\000\040\000f\000\050\000x\000\051\000\040\000=\000\040\000x\0002\000\040\000-\000\040\0004\000x\000\040\000+\000\040\0003\000\040}{section.8.6}% 142
\BOOKMARK [2][-]{subsection.8.6.3}{\376\377\000C\000o\000n\000n\000e\000c\000t\000i\000n\000g\000\040\000Q\000u\000a\000d\000r\000a\000t\000i\000c\000\040\000F\000u\000n\000c\000t\000i\000o\000n\000s\000\040\000t\000o\000\040\000L\000i\000n\000e\000a\000r\000\040\000F\000u\000n\000c\000t\000i\000o\000n\000s}{section.8.6}% 143
\BOOKMARK [1][-]{section.8.7}{\376\377\000F\000a\000c\000t\000o\000r\000i\000n\000g\000\040\000Q\000u\000a\000d\000r\000a\000t\000i\000c\000\040\000E\000q\000u\000a\000t\000i\000o\000n\000s}{chapter.8}% 144
\BOOKMARK [1][-]{section.8.8}{\376\377\000G\000r\000a\000p\000h\000i\000n\000g\000\040\000Q\000u\000a\000d\000r\000a\000t\000i\000c\000\040\000F\000u\000n\000c\000t\000i\000o\000n\000s}{chapter.8}% 145
\BOOKMARK [1][-]{section.8.9}{\376\377\000S\000o\000l\000v\000i\000n\000g\000\040\000S\000y\000s\000t\000e\000m\000s\000\040\000o\000f\000\040\000L\000i\000n\000e\000a\000r\000\040\000E\000q\000u\000a\000t\000i\000o\000n\000s}{chapter.8}% 146
\BOOKMARK [1][-]{section.8.10}{\376\377\000P\000r\000a\000c\000t\000i\000c\000e\000\040\000M\000a\000k\000e\000s\000\040\000P\000e\000r\000f\000e\000c\000t\000:\000\040\000L\000e\000t\040\031\000s\000\040\000T\000r\000y\000\040\000S\000o\000m\000e\000\040\000E\000x\000e\000r\000c\000i\000s\000e\000s\000!}{chapter.8}% 147
\BOOKMARK [1][-]{section.8.11}{\376\377\000R\000e\000a\000l\000-\000L\000i\000f\000e\000\040\000A\000p\000p\000l\000i\000c\000a\000t\000i\000o\000n\000s\000\040\000o\000f\000\040\000F\000u\000n\000c\000t\000i\000o\000n\000s\000\040\000a\000n\000d\000\040\000G\000r\000a\000p\000h\000s}{chapter.8}% 148
\BOOKMARK [1][-]{section.8.12}{\376\377\000C\000h\000a\000p\000t\000e\000r\000\040\000S\000u\000m\000m\000a\000r\000y}{chapter.8}% 149
\BOOKMARK [1][-]{section.8.13}{\376\377\000C\000h\000a\000l\000l\000e\000n\000g\000e\000\040\000Q\000u\000e\000s\000t\000i\000o\000n\000s\000\040\000w\000i\000t\000h\000\040\000G\000r\000a\000p\000h\000s}{chapter.8}% 150
\BOOKMARK [0][-]{chapter.9}{\376\377\000U\000n\000d\000e\000r\000s\000t\000a\000n\000d\000i\000n\000g\000\040\000C\000h\000a\000n\000g\000e\000\040\000O\000v\000e\000r\000\040\000T\000i\000m\000e\000\040\040\023\000\040\000C\000h\000a\000n\000g\000e\000\040\000a\000n\000d\000\040\000M\000o\000t\000i\000o\000n}{}% 151
\BOOKMARK [1][-]{section.9.1}{\376\377\000I\000n\000t\000r\000o\000d\000u\000c\000t\000i\000o\000n}{chapter.9}% 152
\BOOKMARK [1][-]{section.9.2}{\376\377\000W\000h\000a\000t\000\040\000I\000s\000\040\000a\000\040\000D\000e\000r\000i\000v\000a\000t\000i\000v\000e\000?}{chapter.9}% 153
\BOOKMARK [2][-]{subsection.9.2.1}{\376\377\000T\000h\000e\000\040\000C\000o\000n\000c\000e\000p\000t\000\040\000o\000f\000\040\000S\000l\000o\000p\000e}{section.9.2}% 154
\BOOKMARK [2][-]{subsection.9.2.2}{\376\377\000E\000x\000a\000m\000p\000l\000e}{section.9.2}% 155
\BOOKMARK [1][-]{section.9.3}{\376\377\000F\000i\000n\000d\000i\000n\000g\000\040\000D\000e\000r\000i\000v\000a\000t\000i\000v\000e\000s}{chapter.9}% 156
\BOOKMARK [2][-]{subsection.9.3.1}{\376\377\000B\000a\000s\000i\000c\000\040\000R\000u\000l\000e\000s\000\040\000f\000o\000r\000\040\000D\000e\000r\000i\000v\000a\000t\000i\000v\000e\000s}{section.9.3}% 157
\BOOKMARK [2][-]{subsection.9.3.2}{\376\377\000I\000n\000t\000e\000r\000p\000r\000e\000t\000i\000n\000g\000\040\000D\000e\000r\000i\000v\000a\000t\000i\000v\000e\000s}{section.9.3}% 158
\BOOKMARK [1][-]{section.9.4}{\376\377\000A\000p\000p\000l\000i\000c\000a\000t\000i\000o\000n\000s\000\040\000o\000f\000\040\000D\000e\000r\000i\000v\000a\000t\000i\000v\000e\000s}{chapter.9}% 159
\BOOKMARK [1][-]{section.9.5}{\376\377\000W\000h\000a\000t\000\040\000I\000s\000\040\000a\000n\000\040\000I\000n\000t\000e\000g\000r\000a\000l\000?}{chapter.9}% 160
\BOOKMARK [2][-]{subsection.9.5.1}{\376\377\000T\000h\000e\000\040\000C\000o\000n\000c\000e\000p\000t\000\040\000o\000f\000\040\000A\000r\000e\000a}{section.9.5}% 161
\BOOKMARK [1][-]{section.9.6}{\376\377\000F\000i\000n\000d\000i\000n\000g\000\040\000I\000n\000t\000e\000g\000r\000a\000l\000s}{chapter.9}% 162
\BOOKMARK [2][-]{subsection.9.6.1}{\376\377\000B\000a\000s\000i\000c\000\040\000R\000u\000l\000e\000s\000\040\000f\000o\000r\000\040\000I\000n\000t\000e\000g\000r\000a\000l\000s}{section.9.6}% 163
\BOOKMARK [1][-]{section.9.7}{\376\377\000A\000p\000p\000l\000i\000c\000a\000t\000i\000o\000n\000s\000\040\000o\000f\000\040\000I\000n\000t\000e\000g\000r\000a\000l\000s}{chapter.9}% 164
\BOOKMARK [1][-]{section.9.8}{\376\377\000F\000u\000n\000d\000a\000m\000e\000n\000t\000a\000l\000\040\000T\000h\000e\000o\000r\000e\000m\000\040\000o\000f\000\040\000C\000a\000l\000c\000u\000l\000u\000s}{chapter.9}% 165
\BOOKMARK [1][-]{section.9.9}{\376\377\000P\000r\000a\000c\000t\000i\000c\000e\000\040\000M\000a\000k\000e\000s\000\040\000P\000e\000r\000f\000e\000c\000t\000:\000\040\000L\000e\000t\040\031\000s\000\040\000T\000r\000y\000\040\000S\000o\000m\000e\000\040\000E\000x\000e\000r\000c\000i\000s\000e\000s\000!}{chapter.9}% 166
\BOOKMARK [2][-]{subsection.9.9.1}{\376\377\000D\000e\000r\000i\000v\000a\000t\000i\000v\000e\000s}{section.9.9}% 167
\BOOKMARK [2][-]{subsection.9.9.2}{\376\377\000I\000n\000t\000e\000g\000r\000a\000l\000s}{section.9.9}% 168
\BOOKMARK [2][-]{subsection.9.9.3}{\376\377\000A\000p\000p\000l\000i\000c\000a\000t\000i\000o\000n\000s}{section.9.9}% 169
\BOOKMARK [1][-]{section.9.10}{\376\377\000R\000e\000a\000l\000-\000L\000i\000f\000e\000\040\000A\000p\000p\000l\000i\000c\000a\000t\000i\000o\000n\000s\000\040\000o\000f\000\040\000C\000a\000l\000c\000u\000l\000u\000s}{chapter.9}% 170
\BOOKMARK [1][-]{section.9.11}{\376\377\000C\000h\000a\000p\000t\000e\000r\000\040\000S\000u\000m\000m\000a\000r\000y}{chapter.9}% 171
\BOOKMARK [1][-]{section.9.12}{\376\377\000C\000h\000a\000l\000l\000e\000n\000g\000e\000\040\000Q\000u\000e\000s\000t\000i\000o\000n\000s}{chapter.9}% 172
\BOOKMARK [0][-]{chapter.10}{\376\377\000T\000r\000i\000g\000o\000n\000o\000m\000e\000t\000r\000y\000\040\040\023\000\040\000A\000n\000g\000l\000e\000s\000\040\000a\000n\000d\000\040\000W\000a\000v\000e\000s}{}% 173
\BOOKMARK [1][-]{section.10.1}{\376\377\000I\000n\000t\000r\000o\000d\000u\000c\000t\000i\000o\000n\000:\000\040\000U\000n\000d\000e\000r\000s\000t\000a\000n\000d\000i\000n\000g\000\040\000t\000h\000e\000\040\000W\000o\000r\000l\000d\000\040\000T\000h\000r\000o\000u\000g\000h\000\040\000T\000r\000i\000g\000o\000n\000o\000m\000e\000t\000r\000y}{chapter.10}% 174
\BOOKMARK [1][-]{section.10.2}{\376\377\000R\000i\000g\000h\000t\000\040\000T\000r\000i\000a\000n\000g\000l\000e\000s\000\040\000a\000n\000d\000\040\000T\000r\000i\000g\000o\000n\000o\000m\000e\000t\000r\000i\000c\000\040\000R\000a\000t\000i\000o\000s}{chapter.10}% 175
\BOOKMARK [2][-]{subsection.10.2.1}{\376\377\000T\000r\000i\000g\000o\000n\000o\000m\000e\000t\000r\000i\000c\000\040\000R\000a\000t\000i\000o\000s}{section.10.2}% 176
\BOOKMARK [1][-]{section.10.3}{\376\377\000U\000s\000i\000n\000g\000\040\000T\000r\000i\000g\000o\000n\000o\000m\000e\000t\000r\000i\000c\000\040\000R\000a\000t\000i\000o\000s}{chapter.10}% 177
\BOOKMARK [2][-]{subsection.10.3.1}{\376\377\000E\000x\000a\000m\000p\000l\000e\000\040\0001\000:\000\040\000F\000i\000n\000d\000i\000n\000g\000\040\000t\000h\000e\000\040\000L\000e\000n\000g\000t\000h\000\040\000o\000f\000\040\000a\000\040\000S\000i\000d\000e}{section.10.3}% 178
\BOOKMARK [1][-]{section.10.4}{\376\377\000T\000h\000e\000\040\000P\000y\000t\000h\000a\000g\000o\000r\000e\000a\000n\000\040\000T\000h\000e\000o\000r\000e\000m}{chapter.10}% 179
\BOOKMARK [2][-]{subsection.10.4.1}{\376\377\000E\000x\000a\000m\000p\000l\000e}{section.10.4}% 180
\BOOKMARK [1][-]{section.10.5}{\376\377\000A\000n\000g\000l\000e\000s\000\040\000i\000n\000\040\000D\000e\000g\000r\000e\000e\000s\000\040\000a\000n\000d\000\040\000R\000a\000d\000i\000a\000n\000s}{chapter.10}% 181
\BOOKMARK [2][-]{subsection.10.5.1}{\376\377\000C\000o\000n\000v\000e\000r\000t\000i\000n\000g\000\040\000B\000e\000t\000w\000e\000e\000n\000\040\000D\000e\000g\000r\000e\000e\000s\000\040\000a\000n\000d\000\040\000R\000a\000d\000i\000a\000n\000s}{section.10.5}% 182
\BOOKMARK [1][-]{section.10.6}{\376\377\000T\000h\000e\000\040\000U\000n\000i\000t\000\040\000C\000i\000r\000c\000l\000e}{chapter.10}% 183
\BOOKMARK [2][-]{subsection.10.6.1}{\376\377\000K\000e\000y\000\040\000A\000n\000g\000l\000e\000s\000\040\000o\000n\000\040\000t\000h\000e\000\040\000U\000n\000i\000t\000\040\000C\000i\000r\000c\000l\000e}{section.10.6}% 184
\BOOKMARK [1][-]{section.10.7}{\376\377\000G\000r\000a\000p\000h\000s\000\040\000o\000f\000\040\000S\000i\000n\000e\000\040\000a\000n\000d\000\040\000C\000o\000s\000i\000n\000e}{chapter.10}% 185
\BOOKMARK [2][-]{subsection.10.7.1}{\376\377\000G\000r\000a\000p\000h\000\040\000o\000f\000\040\000S\000i\000n\000e\000\040\000\050\000s\000i\000n\000\051}{section.10.7}% 186
\BOOKMARK [2][-]{subsection.10.7.2}{\376\377\000G\000r\000a\000p\000h\000\040\000o\000f\000\040\000C\000o\000s\000i\000n\000e\000\040\000\050\000c\000o\000s\000\051}{section.10.7}% 187
\BOOKMARK [1][-]{section.10.8}{\376\377\000A\000p\000p\000l\000i\000c\000a\000t\000i\000o\000n\000s\000\040\000o\000f\000\040\000T\000r\000i\000g\000o\000n\000o\000m\000e\000t\000r\000y}{chapter.10}% 188
\BOOKMARK [1][-]{section.10.9}{\376\377\000P\000r\000a\000c\000t\000i\000c\000e\000\040\000M\000a\000k\000e\000s\000\040\000P\000e\000r\000f\000e\000c\000t\000:\000\040\000L\000e\000t\040\031\000s\000\040\000T\000r\000y\000\040\000S\000o\000m\000e\000\040\000E\000x\000e\000r\000c\000i\000s\000e\000s\000!}{chapter.10}% 189
\BOOKMARK [2][-]{subsection.10.9.1}{\376\377\000T\000r\000i\000g\000o\000n\000o\000m\000e\000t\000r\000i\000c\000\040\000R\000a\000t\000i\000o\000s}{section.10.9}% 190
\BOOKMARK [2][-]{subsection.10.9.2}{\376\377\000R\000i\000g\000h\000t\000\040\000T\000r\000i\000a\000n\000g\000l\000e\000s}{section.10.9}% 191
\BOOKMARK [2][-]{subsection.10.9.3}{\376\377\000G\000r\000a\000p\000h\000i\000n\000g}{section.10.9}% 192
\BOOKMARK [1][-]{section.10.10}{\376\377\000R\000e\000a\000l\000-\000L\000i\000f\000e\000\040\000A\000p\000p\000l\000i\000c\000a\000t\000i\000o\000n\000s\000\040\000o\000f\000\040\000T\000r\000i\000g\000o\000n\000o\000m\000e\000t\000r\000y}{chapter.10}% 193
\BOOKMARK [1][-]{section.10.11}{\376\377\000C\000h\000a\000p\000t\000e\000r\000\040\000S\000u\000m\000m\000a\000r\000y}{chapter.10}% 194
\BOOKMARK [1][-]{section.10.12}{\376\377\000C\000h\000a\000l\000l\000e\000n\000g\000e\000\040\000Q\000u\000e\000s\000t\000i\000o\000n\000s}{chapter.10}% 195
\BOOKMARK [0][-]{chapter.11}{\376\377\000A\000b\000s\000t\000r\000a\000c\000t\000\040\000M\000a\000t\000h\000\040\040\023\000\040\000L\000o\000g\000i\000c\000,\000\040\000S\000e\000t\000s\000,\000\040\000a\000n\000d\000\040\000P\000r\000o\000o\000f\000s}{}% 196
\BOOKMARK [1][-]{section.11.1}{\376\377\000I\000n\000t\000r\000o\000d\000u\000c\000t\000i\000o\000n\000:\000\040\000T\000h\000e\000\040\000S\000t\000r\000u\000c\000t\000u\000r\000e\000\040\000B\000e\000h\000i\000n\000d\000\040\000M\000a\000t\000h\000e\000m\000a\000t\000i\000c\000s}{chapter.11}% 197
\BOOKMARK [1][-]{section.11.2}{\376\377\000W\000h\000a\000t\000\040\000I\000s\000\040\000L\000o\000g\000i\000c\000?}{chapter.11}% 198
\BOOKMARK [2][-]{subsection.11.2.1}{\376\377\000L\000o\000g\000i\000c\000a\000l\000\040\000S\000t\000a\000t\000e\000m\000e\000n\000t\000s}{section.11.2}% 199
\BOOKMARK [2][-]{subsection.11.2.2}{\376\377\000L\000o\000g\000i\000c\000a\000l\000\040\000O\000p\000e\000r\000a\000t\000i\000o\000n\000s}{section.11.2}% 200
\BOOKMARK [2][-]{subsection.11.2.3}{\376\377\000E\000x\000a\000m\000p\000l\000e}{section.11.2}% 201
\BOOKMARK [1][-]{section.11.3}{\376\377\000W\000h\000a\000t\000\040\000I\000s\000\040\000a\000\040\000S\000e\000t\000?}{chapter.11}% 202
\BOOKMARK [2][-]{subsection.11.3.1}{\376\377\000N\000o\000t\000a\000t\000i\000o\000n}{section.11.3}% 203
\BOOKMARK [2][-]{subsection.11.3.2}{\376\377\000E\000l\000e\000m\000e\000n\000t\000s\000\040\000o\000f\000\040\000a\000\040\000S\000e\000t}{section.11.3}% 204
\BOOKMARK [2][-]{subsection.11.3.3}{\376\377\000T\000y\000p\000e\000s\000\040\000o\000f\000\040\000S\000e\000t\000s}{section.11.3}% 205
\BOOKMARK [1][-]{section.11.4}{\376\377\000S\000e\000t\000\040\000O\000p\000e\000r\000a\000t\000i\000o\000n\000s}{chapter.11}% 206
\BOOKMARK [2][-]{subsection.11.4.1}{\376\377\000U\000n\000i\000o\000n\000\040\000\050\000\040\000\040\000\051}{section.11.4}% 207
\BOOKMARK [2][-]{subsection.11.4.2}{\376\377\000I\000n\000t\000e\000r\000s\000e\000c\000t\000i\000o\000n\000\040\000\050\000\040\000\040\000\051}{section.11.4}% 208
\BOOKMARK [2][-]{subsection.11.4.3}{\376\377\000D\000i\000f\000f\000e\000r\000e\000n\000c\000e\000\040\000\050\000\040\000-\000\040\000\051}{section.11.4}% 209
\BOOKMARK [1][-]{section.11.5}{\376\377\000W\000h\000a\000t\000\040\000I\000s\000\040\000a\000\040\000P\000r\000o\000o\000f\000?}{chapter.11}% 210
\BOOKMARK [2][-]{subsection.11.5.1}{\376\377\000T\000y\000p\000e\000s\000\040\000o\000f\000\040\000P\000r\000o\000o\000f\000s}{section.11.5}% 211
\BOOKMARK [1][-]{section.11.6}{\376\377\000M\000a\000t\000h\000e\000m\000a\000t\000i\000c\000a\000l\000\040\000L\000o\000g\000i\000c\000\040\000a\000n\000d\000\040\000P\000r\000o\000o\000f\000s\000\040\000i\000n\000\040\000R\000e\000a\000l\000\040\000L\000i\000f\000e}{chapter.11}% 212
\BOOKMARK [1][-]{section.11.7}{\376\377\000P\000r\000a\000c\000t\000i\000c\000e\000\040\000M\000a\000k\000e\000s\000\040\000P\000e\000r\000f\000e\000c\000t\000:\000\040\000L\000e\000t\040\031\000s\000\040\000T\000r\000y\000\040\000S\000o\000m\000e\000\040\000E\000x\000e\000r\000c\000i\000s\000e\000s\000!}{chapter.11}% 213
\BOOKMARK [2][-]{subsection.11.7.1}{\376\377\000L\000o\000g\000i\000c}{section.11.7}% 214
\BOOKMARK [2][-]{subsection.11.7.2}{\376\377\000S\000e\000t\000s}{section.11.7}% 215
\BOOKMARK [2][-]{subsection.11.7.3}{\376\377\000P\000r\000o\000o\000f\000s}{section.11.7}% 216
\BOOKMARK [1][-]{section.11.8}{\376\377\000C\000h\000a\000p\000t\000e\000r\000\040\000S\000u\000m\000m\000a\000r\000y}{chapter.11}% 217
\BOOKMARK [0][-]{chapter.12}{\376\377\000U\000n\000d\000e\000r\000s\000t\000a\000n\000d\000i\000n\000g\000\040\000I\000n\000f\000i\000n\000i\000t\000y\000\040\040\023\000\040\000L\000i\000m\000i\000t\000s\000\040\000a\000n\000d\000\040\000A\000d\000v\000a\000n\000c\000e\000d\000\040\000T\000o\000p\000i\000c\000s}{}% 218
\BOOKMARK [1][-]{section.12.1}{\376\377\000I\000n\000t\000r\000o\000d\000u\000c\000t\000i\000o\000n\000:\000\040\000E\000x\000p\000l\000o\000r\000i\000n\000g\000\040\000t\000h\000e\000\040\000C\000o\000n\000c\000e\000p\000t\000\040\000o\000f\000\040\000I\000n\000f\000i\000n\000i\000t\000y}{chapter.12}% 219
\BOOKMARK [1][-]{section.12.2}{\376\377\000W\000h\000a\000t\000\040\000I\000s\000\040\000a\000\040\000L\000i\000m\000i\000t\000?}{chapter.12}% 220
\BOOKMARK [2][-]{subsection.12.2.1}{\376\377\000U\000n\000d\000e\000r\000s\000t\000a\000n\000d\000i\000n\000g\000\040\000L\000i\000m\000i\000t\000s}{section.12.2}% 221
\BOOKMARK [2][-]{subsection.12.2.2}{\376\377\000L\000e\000f\000t\000-\000H\000a\000n\000d\000\040\000a\000n\000d\000\040\000R\000i\000g\000h\000t\000-\000H\000a\000n\000d\000\040\000L\000i\000m\000i\000t\000s}{section.12.2}% 222
\BOOKMARK [1][-]{section.12.3}{\376\377\000U\000n\000d\000e\000r\000s\000t\000a\000n\000d\000i\000n\000g\000\040\000I\000n\000f\000i\000n\000i\000t\000e\000\040\000S\000e\000q\000u\000e\000n\000c\000e\000s}{chapter.12}% 223
\BOOKMARK [2][-]{subsection.12.3.1}{\376\377\000C\000o\000n\000v\000e\000r\000g\000i\000n\000g\000\040\000v\000s\000.\000\040\000D\000i\000v\000e\000r\000g\000i\000n\000g\000\040\000S\000e\000q\000u\000e\000n\000c\000e\000s}{section.12.3}% 224
\BOOKMARK [1][-]{section.12.4}{\376\377\000W\000h\000a\000t\000\040\000I\000s\000\040\000a\000n\000\040\000I\000n\000f\000i\000n\000i\000t\000e\000\040\000S\000e\000r\000i\000e\000s\000?}{chapter.12}% 225
\BOOKMARK [2][-]{subsection.12.4.1}{\376\377\000D\000i\000v\000e\000r\000g\000i\000n\000g\000\040\000S\000e\000r\000i\000e\000s}{section.12.4}% 226
\BOOKMARK [1][-]{section.12.5}{\376\377\000U\000n\000d\000e\000r\000s\000t\000a\000n\000d\000i\000n\000g\000\040\000A\000s\000y\000m\000p\000t\000o\000t\000e\000s}{chapter.12}% 227
\BOOKMARK [2][-]{subsection.12.5.1}{\376\377\000V\000e\000r\000t\000i\000c\000a\000l\000\040\000A\000s\000y\000m\000p\000t\000o\000t\000e}{section.12.5}% 228
\BOOKMARK [2][-]{subsection.12.5.2}{\376\377\000H\000o\000r\000i\000z\000o\000n\000t\000a\000l\000\040\000A\000s\000y\000m\000p\000t\000o\000t\000e}{section.12.5}% 229
\BOOKMARK [1][-]{section.12.6}{\376\377\000D\000i\000f\000f\000e\000r\000e\000n\000t\000\040\000S\000i\000z\000e\000s\000\040\000o\000f\000\040\000I\000n\000f\000i\000n\000i\000t\000y}{chapter.12}% 230
\BOOKMARK [2][-]{subsection.12.6.1}{\376\377\000C\000o\000u\000n\000t\000a\000b\000l\000e\000\040\000v\000s\000.\000\040\000U\000n\000c\000o\000u\000n\000t\000a\000b\000l\000e\000\040\000I\000n\000f\000i\000n\000i\000t\000y}{section.12.6}% 231
\BOOKMARK [1][-]{section.12.7}{\376\377\000P\000r\000a\000c\000t\000i\000c\000e\000\040\000M\000a\000k\000e\000s\000\040\000P\000e\000r\000f\000e\000c\000t\000:\000\040\000L\000e\000t\040\031\000s\000\040\000T\000r\000y\000\040\000S\000o\000m\000e\000\040\000E\000x\000e\000r\000c\000i\000s\000e\000s\000!}{chapter.12}% 232
\BOOKMARK [2][-]{subsection.12.7.1}{\376\377\000L\000i\000m\000i\000t\000s}{section.12.7}% 233
\BOOKMARK [2][-]{subsection.12.7.2}{\376\377\000S\000e\000q\000u\000e\000n\000c\000e\000s}{section.12.7}% 234
\BOOKMARK [2][-]{subsection.12.7.3}{\376\377\000S\000e\000r\000i\000e\000s}{section.12.7}% 235
\BOOKMARK [1][-]{section.12.8}{\376\377\000R\000e\000a\000l\000-\000L\000i\000f\000e\000\040\000A\000p\000p\000l\000i\000c\000a\000t\000i\000o\000n\000s\000\040\000o\000f\000\040\000I\000n\000f\000i\000n\000i\000t\000y\000\040\000a\000n\000d\000\040\000L\000i\000m\000i\000t\000s}{chapter.12}% 236
\BOOKMARK [1][-]{section.12.9}{\376\377\000C\000h\000a\000p\000t\000e\000r\000\040\000S\000u\000m\000m\000a\000r\000y}{chapter.12}% 237
\BOOKMARK [0][-]{chapter.13}{\376\377\000M\000o\000d\000e\000r\000n\000\040\000M\000a\000t\000h\000\040\040\023\000\040\000L\000i\000n\000e\000a\000r\000\040\000A\000l\000g\000e\000b\000r\000a\000,\000\040\000P\000r\000o\000b\000a\000b\000i\000l\000i\000t\000y\000,\000\040\000a\000n\000d\000\040\000M\000a\000c\000h\000i\000n\000e\000\040\000L\000e\000a\000r\000n\000i\000n\000g}{}% 238
\BOOKMARK [1][-]{section.13.1}{\376\377\000I\000n\000t\000r\000o\000d\000u\000c\000t\000i\000o\000n\000:\000\040\000T\000h\000e\000\040\000I\000n\000t\000e\000r\000s\000e\000c\000t\000i\000o\000n\000\040\000o\000f\000\040\000M\000a\000t\000h\000\040\000a\000n\000d\000\040\000T\000e\000c\000h\000n\000o\000l\000o\000g\000y}{chapter.13}% 239
\BOOKMARK [1][-]{section.13.2}{\376\377\000W\000h\000a\000t\000\040\000I\000s\000\040\000L\000i\000n\000e\000a\000r\000\040\000A\000l\000g\000e\000b\000r\000a\000?}{chapter.13}% 240
\BOOKMARK [2][-]{subsection.13.2.1}{\376\377\000V\000e\000c\000t\000o\000r\000s}{section.13.2}% 241
\BOOKMARK [2][-]{subsection.13.2.2}{\376\377\000M\000a\000t\000r\000i\000c\000e\000s}{section.13.2}% 242
\BOOKMARK [2][-]{subsection.13.2.3}{\376\377\000A\000p\000p\000l\000i\000c\000a\000t\000i\000o\000n\000s\000\040\000o\000f\000\040\000L\000i\000n\000e\000a\000r\000\040\000A\000l\000g\000e\000b\000r\000a}{section.13.2}% 243
\BOOKMARK [1][-]{section.13.3}{\376\377\000P\000r\000o\000b\000a\000b\000i\000l\000i\000t\000y\000\040\000a\000n\000d\000\040\000S\000t\000a\000t\000i\000s\000t\000i\000c\000s}{chapter.13}% 244
\BOOKMARK [2][-]{subsection.13.3.1}{\376\377\000B\000a\000s\000i\000c\000\040\000P\000r\000o\000b\000a\000b\000i\000l\000i\000t\000y}{section.13.3}% 245
\BOOKMARK [2][-]{subsection.13.3.2}{\376\377\000C\000o\000n\000d\000i\000t\000i\000o\000n\000a\000l\000\040\000P\000r\000o\000b\000a\000b\000i\000l\000i\000t\000y}{section.13.3}% 246
\BOOKMARK [2][-]{subsection.13.3.3}{\376\377\000B\000a\000y\000e\000s\040\031\000\040\000T\000h\000e\000o\000r\000e\000m}{section.13.3}% 247
\BOOKMARK [1][-]{section.13.4}{\376\377\000I\000n\000t\000r\000o\000d\000u\000c\000t\000i\000o\000n\000\040\000t\000o\000\040\000M\000a\000c\000h\000i\000n\000e\000\040\000L\000e\000a\000r\000n\000i\000n\000g}{chapter.13}% 248
\BOOKMARK [2][-]{subsection.13.4.1}{\376\377\000T\000y\000p\000e\000s\000\040\000o\000f\000\040\000M\000a\000c\000h\000i\000n\000e\000\040\000L\000e\000a\000r\000n\000i\000n\000g}{section.13.4}% 249
\BOOKMARK [2][-]{subsection.13.4.2}{\376\377\000K\000e\000y\000\040\000M\000a\000c\000h\000i\000n\000e\000\040\000L\000e\000a\000r\000n\000i\000n\000g\000\040\000A\000l\000g\000o\000r\000i\000t\000h\000m\000s}{section.13.4}% 250
\BOOKMARK [1][-]{section.13.5}{\376\377\000A\000p\000p\000l\000i\000c\000a\000t\000i\000o\000n\000s\000\040\000o\000f\000\040\000M\000a\000c\000h\000i\000n\000e\000\040\000L\000e\000a\000r\000n\000i\000n\000g}{chapter.13}% 251
\BOOKMARK [1][-]{section.13.6}{\376\377\000C\000o\000m\000b\000i\000n\000i\000n\000g\000\040\000L\000i\000n\000e\000a\000r\000\040\000A\000l\000g\000e\000b\000r\000a\000,\000\040\000P\000r\000o\000b\000a\000b\000i\000l\000i\000t\000y\000,\000\040\000a\000n\000d\000\040\000M\000a\000c\000h\000i\000n\000e\000\040\000L\000e\000a\000r\000n\000i\000n\000g}{chapter.13}% 252
\BOOKMARK [2][-]{subsection.13.6.1}{\376\377\000L\000i\000n\000e\000a\000r\000\040\000A\000l\000g\000e\000b\000r\000a\000\040\000i\000n\000\040\000M\000a\000c\000h\000i\000n\000e\000\040\000L\000e\000a\000r\000n\000i\000n\000g}{section.13.6}% 253
\BOOKMARK [2][-]{subsection.13.6.2}{\376\377\000P\000r\000o\000b\000a\000b\000i\000l\000i\000t\000y\000\040\000i\000n\000\040\000M\000a\000c\000h\000i\000n\000e\000\040\000L\000e\000a\000r\000n\000i\000n\000g}{section.13.6}% 254
\BOOKMARK [1][-]{section.13.7}{\376\377\000P\000r\000a\000c\000t\000i\000c\000e\000\040\000M\000a\000k\000e\000s\000\040\000P\000e\000r\000f\000e\000c\000t\000:\000\040\000L\000e\000t\040\031\000s\000\040\000T\000r\000y\000\040\000S\000o\000m\000e\000\040\000E\000x\000e\000r\000c\000i\000s\000e\000s\000!}{chapter.13}% 255
\BOOKMARK [2][-]{subsection.13.7.1}{\376\377\000L\000i\000n\000e\000a\000r\000\040\000A\000l\000g\000e\000b\000r\000a}{section.13.7}% 256
\BOOKMARK [2][-]{subsection.13.7.2}{\376\377\000P\000r\000o\000b\000a\000b\000i\000l\000i\000t\000y}{section.13.7}% 257
\BOOKMARK [2][-]{subsection.13.7.3}{\376\377\000M\000a\000c\000h\000i\000n\000e\000\040\000L\000e\000a\000r\000n\000i\000n\000g}{section.13.7}% 258
\BOOKMARK [1][-]{section.13.8}{\376\377\000R\000e\000a\000l\000-\000L\000i\000f\000e\000\040\000A\000p\000p\000l\000i\000c\000a\000t\000i\000o\000n\000s\000\040\000o\000f\000\040\000L\000i\000n\000e\000a\000r\000\040\000A\000l\000g\000e\000b\000r\000a\000,\000\040\000P\000r\000o\000b\000a\000b\000i\000l\000i\000t\000y\000,\000\040\000a\000n\000d\000\040\000M\000a\000c\000h\000i\000n\000e\000\040\000L\000e\000a\000r\000n\000i\000n\000g}{chapter.13}% 259
\BOOKMARK [1][-]{section.13.9}{\376\377\000C\000h\000a\000p\000t\000e\000r\000\040\000S\000u\000m\000m\000a\000r\000y}{chapter.13}% 260
\BOOKMARK [0][-]{chapter.14}{\376\377\000A\000d\000v\000a\000n\000c\000e\000d\000\040\000G\000e\000o\000m\000e\000t\000r\000y\000\040\040\023\000\040\000E\000x\000p\000l\000o\000r\000i\000n\000g\000\040\000S\000h\000a\000p\000e\000s\000,\000\040\000S\000p\000a\000c\000e\000,\000\040\000a\000n\000d\000\040\000H\000i\000g\000h\000e\000r\000\040\000D\000i\000m\000e\000n\000s\000i\000o\000n\000s}{}% 261
\BOOKMARK [1][-]{section.14.1}{\376\377\000I\000n\000t\000r\000o\000d\000u\000c\000t\000i\000o\000n\000:\000\040\000T\000h\000e\000\040\000P\000o\000w\000e\000r\000\040\000o\000f\000\040\000G\000e\000o\000m\000e\000t\000r\000y\000\040\000B\000e\000y\000o\000n\000d\000\040\000t\000h\000e\000\040\000B\000a\000s\000i\000c\000s}{chapter.14}% 262
\BOOKMARK [1][-]{section.14.2}{\376\377\000E\000u\000c\000l\000i\000d\000e\000a\000n\000\040\000v\000s\000.\000\040\000N\000o\000n\000-\000E\000u\000c\000l\000i\000d\000e\000a\000n\000\040\000G\000e\000o\000m\000e\000t\000r\000y}{chapter.14}% 263
\BOOKMARK [2][-]{subsection.14.2.1}{\376\377\000S\000p\000h\000e\000r\000i\000c\000a\000l\000\040\000G\000e\000o\000m\000e\000t\000r\000y}{section.14.2}% 264
\BOOKMARK [2][-]{subsection.14.2.2}{\376\377\000H\000y\000p\000e\000r\000b\000o\000l\000i\000c\000\040\000G\000e\000o\000m\000e\000t\000r\000y}{section.14.2}% 265
\BOOKMARK [1][-]{section.14.3}{\376\377\000H\000i\000g\000h\000e\000r\000\040\000D\000i\000m\000e\000n\000s\000i\000o\000n\000s}{chapter.14}% 266
\BOOKMARK [2][-]{subsection.14.3.1}{\376\377\000U\000n\000d\000e\000r\000s\000t\000a\000n\000d\000i\000n\000g\000\040\0004\000D\000\040\000a\000n\000d\000\040\000B\000e\000y\000o\000n\000d}{section.14.3}% 267
\BOOKMARK [1][-]{section.14.4}{\376\377\000T\000o\000p\000o\000l\000o\000g\000y\000:\000\040\000T\000h\000e\000\040\000S\000t\000u\000d\000y\000\040\000o\000f\000\040\000S\000h\000a\000p\000e\000s\000\040\000a\000n\000d\000\040\000S\000p\000a\000c\000e\000s}{chapter.14}% 268
\BOOKMARK [2][-]{subsection.14.4.1}{\376\377\000T\000o\000p\000o\000l\000o\000g\000i\000c\000a\000l\000\040\000P\000r\000o\000p\000e\000r\000t\000i\000e\000s}{section.14.4}% 269
\BOOKMARK [2][-]{subsection.14.4.2}{\376\377\000A\000p\000p\000l\000i\000c\000a\000t\000i\000o\000n\000s\000\040\000o\000f\000\040\000T\000o\000p\000o\000l\000o\000g\000y}{section.14.4}% 270
\BOOKMARK [1][-]{section.14.5}{\376\377\000F\000r\000a\000c\000t\000a\000l\000s\000\040\000a\000n\000d\000\040\000S\000e\000l\000f\000-\000S\000i\000m\000i\000l\000a\000r\000i\000t\000y}{chapter.14}% 271
\BOOKMARK [2][-]{subsection.14.5.1}{\376\377\000F\000r\000a\000c\000t\000a\000l\000\040\000G\000e\000o\000m\000e\000t\000r\000y}{section.14.5}% 272
\BOOKMARK [2][-]{subsection.14.5.2}{\376\377\000A\000p\000p\000l\000i\000c\000a\000t\000i\000o\000n\000s\000\040\000o\000f\000\040\000F\000r\000a\000c\000t\000a\000l\000s}{section.14.5}% 273
\BOOKMARK [1][-]{section.14.6}{\376\377\000G\000e\000o\000m\000e\000t\000r\000i\000c\000\040\000T\000r\000a\000n\000s\000f\000o\000r\000m\000a\000t\000i\000o\000n\000s}{chapter.14}% 274
\BOOKMARK [2][-]{subsection.14.6.1}{\376\377\000T\000y\000p\000e\000s\000\040\000o\000f\000\040\000T\000r\000a\000n\000s\000f\000o\000r\000m\000a\000t\000i\000o\000n\000s}{section.14.6}% 275
\BOOKMARK [2][-]{subsection.14.6.2}{\376\377\000A\000p\000p\000l\000i\000c\000a\000t\000i\000o\000n\000s}{section.14.6}% 276
\BOOKMARK [1][-]{section.14.7}{\376\377\000P\000r\000a\000c\000t\000i\000c\000e\000\040\000M\000a\000k\000e\000s\000\040\000P\000e\000r\000f\000e\000c\000t\000:\000\040\000L\000e\000t\040\031\000s\000\040\000T\000r\000y\000\040\000S\000o\000m\000e\000\040\000E\000x\000e\000r\000c\000i\000s\000e\000s\000!}{chapter.14}% 277
\BOOKMARK [2][-]{subsection.14.7.1}{\376\377\000N\000o\000n\000-\000E\000u\000c\000l\000i\000d\000e\000a\000n\000\040\000G\000e\000o\000m\000e\000t\000r\000y}{section.14.7}% 278
\BOOKMARK [2][-]{subsection.14.7.2}{\376\377\000H\000i\000g\000h\000e\000r\000\040\000D\000i\000m\000e\000n\000s\000i\000o\000n\000s}{section.14.7}% 279
\BOOKMARK [2][-]{subsection.14.7.3}{\376\377\000T\000o\000p\000o\000l\000o\000g\000y}{section.14.7}% 280
\BOOKMARK [2][-]{subsection.14.7.4}{\376\377\000F\000r\000a\000c\000t\000a\000l\000s}{section.14.7}% 281
\BOOKMARK [1][-]{section.14.8}{\376\377\000R\000e\000a\000l\000-\000L\000i\000f\000e\000\040\000A\000p\000p\000l\000i\000c\000a\000t\000i\000o\000n\000s\000\040\000o\000f\000\040\000A\000d\000v\000a\000n\000c\000e\000d\000\040\000G\000e\000o\000m\000e\000t\000r\000y}{chapter.14}% 282
\BOOKMARK [1][-]{section.14.9}{\376\377\000C\000h\000a\000p\000t\000e\000r\000\040\000S\000u\000m\000m\000a\000r\000y}{chapter.14}% 283
\BOOKMARK [0][-]{chapter.15}{\376\377\000D\000i\000s\000c\000r\000e\000t\000e\000\040\000M\000a\000t\000h\000e\000m\000a\000t\000i\000c\000s\000\040\040\023\000\040\000G\000r\000a\000p\000h\000\040\000T\000h\000e\000o\000r\000y\000,\000\040\000C\000o\000m\000b\000i\000n\000a\000t\000o\000r\000i\000c\000s\000,\000\040\000a\000n\000d\000\040\000C\000r\000y\000p\000t\000o\000g\000r\000a\000p\000h\000y}{}% 284
\BOOKMARK [1][-]{section.15.1}{\376\377\000I\000n\000t\000r\000o\000d\000u\000c\000t\000i\000o\000n\000:\000\040\000T\000h\000e\000\040\000P\000o\000w\000e\000r\000\040\000o\000f\000\040\000D\000i\000s\000c\000r\000e\000t\000e\000\040\000M\000a\000t\000h\000e\000m\000a\000t\000i\000c\000s}{chapter.15}% 285
\BOOKMARK [1][-]{section.15.2}{\376\377\000G\000r\000a\000p\000h\000\040\000T\000h\000e\000o\000r\000y\000:\000\040\000U\000n\000d\000e\000r\000s\000t\000a\000n\000d\000i\000n\000g\000\040\000N\000e\000t\000w\000o\000r\000k\000s}{chapter.15}% 286
\BOOKMARK [2][-]{subsection.15.2.1}{\376\377\000W\000h\000a\000t\000\040\000I\000s\000\040\000a\000\040\000G\000r\000a\000p\000h\000?}{section.15.2}% 287
\BOOKMARK [2][-]{subsection.15.2.2}{\376\377\000T\000y\000p\000e\000s\000\040\000o\000f\000\040\000G\000r\000a\000p\000h\000s}{section.15.2}% 288
\BOOKMARK [2][-]{subsection.15.2.3}{\376\377\000C\000o\000m\000m\000o\000n\000\040\000T\000e\000r\000m\000s\000\040\000i\000n\000\040\000G\000r\000a\000p\000h\000\040\000T\000h\000e\000o\000r\000y}{section.15.2}% 289
\BOOKMARK [2][-]{subsection.15.2.4}{\376\377\000A\000p\000p\000l\000i\000c\000a\000t\000i\000o\000n\000s\000\040\000o\000f\000\040\000G\000r\000a\000p\000h\000\040\000T\000h\000e\000o\000r\000y}{section.15.2}% 290
\BOOKMARK [1][-]{section.15.3}{\376\377\000C\000o\000m\000b\000i\000n\000a\000t\000o\000r\000i\000c\000s\000:\000\040\000C\000o\000u\000n\000t\000i\000n\000g\000\040\000a\000n\000d\000\040\000A\000r\000r\000a\000n\000g\000e\000m\000e\000n\000t\000s}{chapter.15}% 291
\BOOKMARK [2][-]{subsection.15.3.1}{\376\377\000P\000e\000r\000m\000u\000t\000a\000t\000i\000o\000n\000s}{section.15.3}% 292
\BOOKMARK [2][-]{subsection.15.3.2}{\376\377\000C\000o\000m\000b\000i\000n\000a\000t\000i\000o\000n\000s}{section.15.3}% 293
\BOOKMARK [2][-]{subsection.15.3.3}{\376\377\000A\000p\000p\000l\000i\000c\000a\000t\000i\000o\000n\000s\000\040\000o\000f\000\040\000C\000o\000m\000b\000i\000n\000a\000t\000o\000r\000i\000c\000s}{section.15.3}% 294
\BOOKMARK [1][-]{section.15.4}{\376\377\000C\000r\000y\000p\000t\000o\000g\000r\000a\000p\000h\000y\000:\000\040\000S\000e\000c\000u\000r\000i\000n\000g\000\040\000I\000n\000f\000o\000r\000m\000a\000t\000i\000o\000n}{chapter.15}% 295
\BOOKMARK [2][-]{subsection.15.4.1}{\376\377\000E\000n\000c\000r\000y\000p\000t\000i\000o\000n\000\040\000a\000n\000d\000\040\000D\000e\000c\000r\000y\000p\000t\000i\000o\000n}{section.15.4}% 296
\BOOKMARK [2][-]{subsection.15.4.2}{\376\377\000S\000y\000m\000m\000e\000t\000r\000i\000c\000\040\000v\000s\000.\000\040\000A\000s\000y\000m\000m\000e\000t\000r\000i\000c\000\040\000E\000n\000c\000r\000y\000p\000t\000i\000o\000n}{section.15.4}% 297
\BOOKMARK [2][-]{subsection.15.4.3}{\376\377\000H\000a\000s\000h\000\040\000F\000u\000n\000c\000t\000i\000o\000n\000s}{section.15.4}% 298
\BOOKMARK [2][-]{subsection.15.4.4}{\376\377\000A\000p\000p\000l\000i\000c\000a\000t\000i\000o\000n\000s\000\040\000o\000f\000\040\000C\000r\000y\000p\000t\000o\000g\000r\000a\000p\000h\000y}{section.15.4}% 299
\BOOKMARK [1][-]{section.15.5}{\376\377\000A\000l\000g\000o\000r\000i\000t\000h\000m\000s\000\040\000i\000n\000\040\000G\000r\000a\000p\000h\000\040\000T\000h\000e\000o\000r\000y\000,\000\040\000C\000o\000m\000b\000i\000n\000a\000t\000o\000r\000i\000c\000s\000,\000\040\000a\000n\000d\000\040\000C\000r\000y\000p\000t\000o\000g\000r\000a\000p\000h\000y}{chapter.15}% 300
\BOOKMARK [2][-]{subsection.15.5.1}{\376\377\000G\000r\000a\000p\000h\000\040\000T\000h\000e\000o\000r\000y\000\040\000A\000l\000g\000o\000r\000i\000t\000h\000m\000s}{section.15.5}% 301
\BOOKMARK [2][-]{subsection.15.5.2}{\376\377\000C\000o\000m\000b\000i\000n\000a\000t\000o\000r\000i\000c\000s\000\040\000A\000l\000g\000o\000r\000i\000t\000h\000m\000s}{section.15.5}% 302
\BOOKMARK [2][-]{subsection.15.5.3}{\376\377\000C\000r\000y\000p\000t\000o\000g\000r\000a\000p\000h\000y\000\040\000A\000l\000g\000o\000r\000i\000t\000h\000m\000s}{section.15.5}% 303
\BOOKMARK [1][-]{section.15.6}{\376\377\000P\000r\000a\000c\000t\000i\000c\000e\000\040\000M\000a\000k\000e\000s\000\040\000P\000e\000r\000f\000e\000c\000t\000:\000\040\000L\000e\000t\040\031\000s\000\040\000T\000r\000y\000\040\000S\000o\000m\000e\000\040\000E\000x\000e\000r\000c\000i\000s\000e\000s\000!}{chapter.15}% 304
\BOOKMARK [2][-]{subsection.15.6.1}{\376\377\000G\000r\000a\000p\000h\000\040\000T\000h\000e\000o\000r\000y}{section.15.6}% 305
\BOOKMARK [2][-]{subsection.15.6.2}{\376\377\000C\000o\000m\000b\000i\000n\000a\000t\000o\000r\000i\000c\000s}{section.15.6}% 306
\BOOKMARK [2][-]{subsection.15.6.3}{\376\377\000C\000r\000y\000p\000t\000o\000g\000r\000a\000p\000h\000y}{section.15.6}% 307
\BOOKMARK [1][-]{section.15.7}{\376\377\000R\000e\000a\000l\000-\000L\000i\000f\000e\000\040\000A\000p\000p\000l\000i\000c\000a\000t\000i\000o\000n\000s\000\040\000o\000f\000\040\000D\000i\000s\000c\000r\000e\000t\000e\000\040\000M\000a\000t\000h\000e\000m\000a\000t\000i\000c\000s}{chapter.15}% 308
\BOOKMARK [1][-]{section.15.8}{\376\377\000C\000h\000a\000p\000t\000e\000r\000\040\000S\000u\000m\000m\000a\000r\000y}{chapter.15}% 309
\BOOKMARK [0][-]{chapter.16}{\376\377\000C\000o\000n\000c\000l\000u\000s\000i\000o\000n\000:\000\040\000A\000\040\000J\000o\000u\000r\000n\000e\000y\000\040\000T\000h\000r\000o\000u\000g\000h\000\040\000M\000a\000t\000h\000e\000m\000a\000t\000i\000c\000s}{}% 310
\BOOKMARK [0][-]{chapter.17}{\376\377\000M\000a\000t\000h\000e\000m\000a\000t\000i\000c\000a\000l\000\040\000D\000e\000f\000i\000n\000i\000t\000i\000o\000n\000s\000,\000\040\000N\000o\000t\000a\000t\000i\000o\000n\000s\000,\000\040\000a\000n\000d\000\040\000C\000o\000n\000c\000e\000p\000t\000s}{}% 311
\BOOKMARK [1][-]{section.17.1}{\376\377\000A\000d\000d\000i\000t\000i\000o\000n\000\040\000\050\000+\000\051}{chapter.17}% 312
\BOOKMARK [1][-]{section.17.2}{\376\377\000S\000u\000b\000t\000r\000a\000c\000t\000i\000o\000n\000\040\040\023}{chapter.17}% 313
\BOOKMARK [1][-]{section.17.3}{\376\377\000M\000u\000l\000t\000i\000p\000l\000i\000c\000a\000t\000i\000o\000n\000\040\000\050\000\040\000\040\000o\000r\000\040\000\040\000\051}{chapter.17}% 314
\BOOKMARK [1][-]{section.17.4}{\376\377\000D\000i\000v\000i\000s\000i\000o\000n\000\040\000\050\000\367\000\040\000o\000r\000\040\000/\000\051}{chapter.17}% 315
\BOOKMARK [1][-]{section.17.5}{\376\377\000F\000r\000a\000c\000t\000i\000o\000n\000s}{chapter.17}% 316
\BOOKMARK [1][-]{section.17.6}{\376\377\000D\000e\000c\000i\000m\000a\000l\000s}{chapter.17}% 317
\BOOKMARK [1][-]{section.17.7}{\376\377\000P\000e\000r\000c\000e\000n\000t\000a\000g\000e\000\040\000\050\000\045\000\051}{chapter.17}% 318
\BOOKMARK [1][-]{section.17.8}{\376\377\000E\000x\000p\000o\000n\000e\000n\000t\000s\000\040\000\040\000o\000r\000\040\000s\000u\000p\000e\000r\000s\000c\000r\000i\000p\000t}{chapter.17}% 319
\BOOKMARK [1][-]{section.17.9}{\376\377\000R\000o\000o\000t\000s\000\040\000\050\000\051}{chapter.17}% 320
\BOOKMARK [1][-]{section.17.10}{\376\377\000L\000e\000s\000s\000\040\000t\000h\000a\000n\000,\000\040\000g\000r\000e\000a\000t\000e\000r\000\040\000t\000h\000a\000n\000\040\000a\000n\000d\000\040\000i\000n\000e\000q\000u\000a\000l\000i\000t\000i\000e\000s\000\040\000\050\000<\000,\000\040\000>\000,\000\040\000,\000\040\000\051}{chapter.17}% 321
\BOOKMARK [1][-]{section.17.11}{\376\377\000O\000r\000d\000e\000r\000\040\000o\000f\000\040\000O\000p\000e\000r\000a\000t\000i\000o\000n\000s\000\040\000\050\000P\000E\000M\000D\000A\000S\000\051}{chapter.17}% 322
